<?xml version="1.0" encoding="UTF-8"?>
<!-- Generated by org.testng.reporters.JUnitReportReporter -->
<testsuite hostname="DESKTOP-53VGIEU" name="com.selenium.SampleSelenium.SampleSelGoogleTest2" tests="1" failures="0" timestamp="21 Oct 2020 06:15:55 GMT" time="3.782" errors="0">
  <testcase name="sampleSelGoogleTest2" time="3.782" classname="com.selenium.SampleSelenium.SampleSelGoogleTest2"/>
</testsuite> <!-- com.selenium.SampleSelenium.SampleSelGoogleTest2 -->
