<?xml version="1.0" encoding="UTF-8"?>
<!-- Generated by org.testng.reporters.JUnitReportReporter -->
<testsuite hostname="DESKTOP-53VGIEU" name="com.selenium.SampleSelenium.SampleSelGoogleTest1" tests="1" failures="0" timestamp="21 Oct 2020 06:15:55 GMT" time="4.048" errors="0">
  <testcase name="sampleSelGoogleTest1" time="4.048" classname="com.selenium.SampleSelenium.SampleSelGoogleTest1"/>
</testsuite> <!-- com.selenium.SampleSelenium.SampleSelGoogleTest1 -->
